-------------------------------------------------------------------------------
Test set: BudgetRecommendationControllerTest
-------------------------------------------------------------------------------
Tests run: 6, Failures: 1, Errors: 0, Skipped: 0, Time elapsed: 0.044 s <<< FAILURE! - in BudgetRecommendationControllerTest
testRentChangeModerateBudget  Time elapsed: 0.01 s  <<< FAILURE!
org.opentest4j.AssertionFailedError: expected: <2800> but was: <1800>
	at BudgetRecommendationControllerTest.testRentChangeModerateBudget(BudgetRecommendationControllerTest.java:144)

