<?xml version="1.0" encoding="UTF-8"?>
<testsuite xmlns:xsi="http://www.w3.org/2001/XMLSchema-instance" xsi:noNamespaceSchemaLocation="https://maven.apache.org/surefire/maven-surefire-plugin/xsd/surefire-test-report.xsd" name="BudgetRecommendationControllerTest" time="0.044" tests="6" errors="0" skipped="0" failures="1">
  <properties>
[...]
</properties>
  <testcase name="testCalculateConservativeBudget" classname="BudgetRecommendationControllerTest" time="0.022"/>
  <testcase name="testRentChangeModerateBudget" classname="BudgetRecommendationControllerTest" time="0.01">
    <failure message="expected: &lt;2800&gt; but was: &lt;1800&gt;" type="org.opentest4j.AssertionFailedError"><![CDATA[org.opentest4j.AssertionFailedError: expected: <2800> but was: <1800>
	at BudgetRecommendationControllerTest.testRentChangeModerateBudget(BudgetRecommendationControllerTest.java:144)
]]></failure>
  </testcase>
  <testcase name="testRentChangeConservativeBudget" classname="BudgetRecommendationControllerTest" time="0.001"/>
  <testcase name="testRentChangeAggressiveBudget" classname="BudgetRecommendationControllerTest" time="0.001"/>
  <testcase name="testCalculateModerateBudget" classname="BudgetRecommendationControllerTest" time="0.001"/>
  <testcase name="testCalculateAggressiveBudget" classname="BudgetRecommendationControllerTest" time="0.001"/>
</testsuite>